[Licensing::Module] Trying to connect to existing licensing client channel...
Built from '6000.3/respin/6000.3.6f1-732c1ec89f18' branch; Version is '6000.3.6f1 (bbb010bdb8a3) revision 12300304'; Using compiler version '194234433'; Build Type 'Release'
OS: 'Windows 11  (10.0.26200) Professional' Language: 'en' Physical Memory: 16243 MB
[Licensing::IpcConnector] Successfully connected to: "LicenseClient-darun" at "2026-02-10T03:56:31.6358641Z"
BatchMode: 1, IsHumanControllingUs: 0, StartBugReporterOnCrash: 0, Is64bit: 1
System  architecture: x64
Process architecture: x64
Date: 2026-02-10T03:56:31Z

COMMAND LINE ARGUMENTS:
D:\Unity\6000.3.6f1\Editor\Unity.exe
-adb2
-batchMode
-noUpm
-name
AssetImportWorker0
-projectPath
D:/unity_progect/Online_DnD-Windows/Online_DnD-win
-logFile
Logs/AssetImportWorker0.log
-srvPort
51500
-licensingIpc
LicenseClient-darun
-job-worker-count
3
-background-job-worker-count
8
-gc-helper-count
1
-name
AssetImport
Successfully changed project path to: D:/unity_progect/Online_DnD-Windows/Online_DnD-win
D:/unity_progect/Online_DnD-Windows/Online_DnD-win
[UnityMemory] Configuration Parameters - Can be set up in boot.config
    "memorysetup-temp-allocator-size-nav-mesh-worker=65536"
    "memorysetup-temp-allocator-size-audio-worker=65536"
    "memorysetup-temp-allocator-size-gfx=262144"
    "memorysetup-allocator-temp-initial-block-size-main=262144"
    "memorysetup-allocator-temp-initial-block-size-worker=262144"
    "memorysetup-temp-allocator-size-background-worker=32768"
    "memorysetup-temp-allocator-size-job-worker=262144"
    "memorysetup-temp-allocator-size-preload-manager=33554432"
    "memorysetup-temp-allocator-size-gi-baking-worker=262144"
    "memorysetup-temp-allocator-size-gi-baking-worker=262144"
    "memorysetup-temp-allocator-size-gi-baking-worker=262144"
    "memorysetup-temp-allocator-size-gi-baking-worker=262144"
    "memorysetup-temp-allocator-size-gi-baking-worker=262144"
    "memorysetup-bucket-allocator-granularity=16"
    "memorysetup-bucket-allocator-bucket-count=8"
    "memorysetup-bucket-allocator-block-size=33554432"
    "memorysetup-bucket-allocator-block-count=8"
    "memorysetup-main-allocator-block-size=16777216"
    "memorysetup-thread-allocator-block-size=16777216"
    "memorysetup-gfx-main-allocator-block-size=16777216"
    "memorysetup-gfx-thread-allocator-block-size=16777216"
    "memorysetup-cache-allocator-block-size=4194304"
    "memorysetup-typetree-allocator-block-size=2097152"
    "memorysetup-profiler-bucket-allocator-granularity=16"
    "memorysetup-profiler-bucket-allocator-bucket-count=8"
    "memorysetup-profiler-bucket-allocator-block-size=33554432"
    "memorysetup-profiler-bucket-allocator-block-count=8"
    "memorysetup-profiler-allocator-block-size=16777216"
    "memorysetup-profiler-editor-allocator-block-size=1048576"
    "memorysetup-temp-allocator-size-main=16777216"
    "memorysetup-job-temp-allocator-block-size=2097152"
    "memorysetup-job-temp-allocator-block-size-background=1048576"
    "memorysetup-job-temp-allocator-reduction-small-platforms=262144"
    "memorysetup-temp-allocator-size-cloud-worker=32768"
Player connection [9144]  Target information:

Player connection [9144]  * "[IP] 192.168.56.1 [Port] 0 [Flags] 2 [Guid] 1711745093 [EditorId] 1711745093 [Version] 1048832 [Id] WindowsEditor(7,DESKTOP-SL7CA1K) [Debug] 1 [PackageName] WindowsEditor [ProjectName] Editor" 

Player connection [9144]  * "[IP] 26.197.127.8 [Port] 0 [Flags] 2 [Guid] 1711745093 [EditorId] 1711745093 [Version] 1048832 [Id] WindowsEditor(7,DESKTOP-SL7CA1K) [Debug] 1 [PackageName] WindowsEditor [ProjectName] Editor" 

Player connection [9144]  * "[IP] 192.168.104.181 [Port] 0 [Flags] 2 [Guid] 1711745093 [EditorId] 1711745093 [Version] 1048832 [Id] WindowsEditor(7,DESKTOP-SL7CA1K) [Debug] 1 [PackageName] WindowsEditor [ProjectName] Editor" 

Player connection [9144] Host joined multi-casting on [225.0.0.222:54997]...
Player connection [9144] Host joined alternative multi-casting on [225.0.0.222:34997]...
JobSystem: Creating JobQueue using job-worker-count value 3
Input System module state changed to: Initialized.
[Physics::Module] Initialized fallback backend.
[Physics::Module] Id: 0xdecafbad
Library Redirect Path: Library/
[Physics::Module] Selected backend.
[Physics::Module] Name: PhysX
[Physics::Module] Id: 0xf2b8ea05
[Physics::Module] SDK Version: 4.1.2
[Physics::Module] Integration Version: 1.0.0
[Physics::Module] Threading Mode: Multi-Threaded
Refreshing native plugins compatible for Editor in 880.67 ms, found 4 plugins.
Preloading 0 native plugins for Editor in 0.00 ms.
Initialize engine version: 6000.3.6f1 (bbb010bdb8a3)
[Subsystems] Discovering subsystems at path D:/Unity/6000.3.6f1/Editor/Data/Resources/UnitySubsystems
[Subsystems] Discovering subsystems at path D:/unity_progect/Online_DnD-Windows/Online_DnD-win/Assets
GfxDevice: creating device client; kGfxThreadingModeNonThreaded
Direct3D:
    Version:  Direct3D 11.0 [level 11.1]
    Renderer: Intel(R) UHD Graphics 620 (ID=0x5917)
    Vendor:   Intel
    VRAM:     8121 MB
    Driver:   31.0.101.2130
[Licensing::Client] Handshaking with LicensingClient:
  Version:                 1.17.4+4293ba1
  Session Id:              5baada71666548fc8d2ef7c152d99b0f
  Correlation Id:          0d6b5905e660b890868596c03a1be6ac
  External correlation Id: 5195682178417408096
  Machine Id:              rStaGlm5ArHHwG1Q5p7UJkIouOg=
[Licensing::Module] Successfully connected to LicensingClient on channel: "LicenseClient-darun" (connect: 0.00s, validation: 0.00s, handshake: 3.63s)
[Licensing::IpcConnector] Successfully connected to: "LicenseClient-darun-notifications" at "2026-02-10T03:56:35.2674967Z"
[Licensing::Module] Licensing Background thread has ended after 3.63s
